<?xml version="1.0" encoding="UTF-8"?>
<testsuite name="com.thinkconstructive.invoice_application.InvoiceApplicationTests" tests="1" skipped="0" failures="0" errors="0" timestamp="2024-10-18T05:13:11" hostname="DESKTOP-KQSC0CM" time="0.623">
  <properties/>
  <testcase name="contextLoads()" classname="com.thinkconstructive.invoice_application.InvoiceApplicationTests" time="0.623"/>
  <system-out><![CDATA[10:43:06.760 [Test worker] INFO org.springframework.test.context.support.AnnotationConfigContextLoaderUtils -- Could not detect default configuration classes for test class [com.thinkconstructive.invoice_application.InvoiceApplicationTests]: InvoiceApplicationTests does not declare any static, non-private, non-final, nested classes annotated with @Configuration.
10:43:06.888 [Test worker] INFO org.springframework.boot.test.context.SpringBootTestContextBootstrapper -- Found @SpringBootConfiguration com.thinkconstructive.invoice_application.InvoiceApplication for test class com.thinkconstructive.invoice_application.InvoiceApplicationTests

  .   ____          _            __ _ _
 /\\ / ___'_ __ _ _(_)_ __  __ _ \ \ \ \
( ( )\___ | '_ | '_| | '_ \/ _` | \ \ \ \
 \\/  ___)| |_)| | | | | || (_| |  ) ) ) )
  '  |____| .__|_| |_|_| |_\__, | / / / /
 =========|_|==============|___/=/_/_/_/

 :: Spring Boot ::                (v3.3.4)

2024-10-18T10:43:07.246+05:30  INFO 16428 --- [invoice-application] [    Test worker] c.t.i.InvoiceApplicationTests            : Starting InvoiceApplicationTests using Java 21.0.4 with PID 16428 (started by narasimhak in G:\invoice-application\invoice-application)
2024-10-18T10:43:07.246+05:30  INFO 16428 --- [invoice-application] [    Test worker] c.t.i.InvoiceApplicationTests            : No active profile set, falling back to 1 default profile: "default"
2024-10-18T10:43:08.087+05:30  INFO 16428 --- [invoice-application] [    Test worker] .s.d.r.c.RepositoryConfigurationDelegate : Bootstrapping Spring Data JPA repositories in DEFAULT mode.
2024-10-18T10:43:08.150+05:30  INFO 16428 --- [invoice-application] [    Test worker] .s.d.r.c.RepositoryConfigurationDelegate : Finished Spring Data repository scanning in 56 ms. Found 3 JPA repository interfaces.
2024-10-18T10:43:08.650+05:30  INFO 16428 --- [invoice-application] [    Test worker] o.hibernate.jpa.internal.util.LogHelper  : HHH000204: Processing PersistenceUnitInfo [name: default]
2024-10-18T10:43:08.720+05:30  INFO 16428 --- [invoice-application] [    Test worker] org.hibernate.Version                    : HHH000412: Hibernate ORM core version 6.5.3.Final
2024-10-18T10:43:08.735+05:30  INFO 16428 --- [invoice-application] [    Test worker] o.h.c.internal.RegionFactoryInitiator    : HHH000026: Second-level cache disabled
2024-10-18T10:43:09.082+05:30  INFO 16428 --- [invoice-application] [    Test worker] o.s.o.j.p.SpringPersistenceUnitInfo      : No LoadTimeWeaver setup: ignoring JPA class transformer
2024-10-18T10:43:09.146+05:30  INFO 16428 --- [invoice-application] [    Test worker] com.zaxxer.hikari.HikariDataSource       : HikariPool-1 - Starting...
2024-10-18T10:43:09.312+05:30  INFO 16428 --- [invoice-application] [    Test worker] com.zaxxer.hikari.pool.HikariPool        : HikariPool-1 - Added connection com.mysql.cj.jdbc.ConnectionImpl@42503099
2024-10-18T10:43:09.312+05:30  INFO 16428 --- [invoice-application] [    Test worker] com.zaxxer.hikari.HikariDataSource       : HikariPool-1 - Start completed.
2024-10-18T10:43:09.352+05:30  WARN 16428 --- [invoice-application] [    Test worker] org.hibernate.orm.deprecation            : HHH90000025: MySQLDialect does not need to be specified explicitly using 'hibernate.dialect' (remove the property setting and it will be selected by default)
2024-10-18T10:43:10.228+05:30  INFO 16428 --- [invoice-application] [    Test worker] o.h.e.t.j.p.i.JtaPlatformInitiator       : HHH000489: No JTA platform available (set 'hibernate.transaction.jta.platform' to enable JTA platform integration)
2024-10-18T10:43:10.338+05:30  INFO 16428 --- [invoice-application] [    Test worker] j.LocalContainerEntityManagerFactoryBean : Initialized JPA EntityManagerFactory for persistence unit 'default'
2024-10-18T10:43:10.965+05:30  WARN 16428 --- [invoice-application] [    Test worker] JpaBaseConfiguration$JpaWebConfiguration : spring.jpa.open-in-view is enabled by default. Therefore, database queries may be performed during view rendering. Explicitly configure spring.jpa.open-in-view to disable this warning
2024-10-18T10:43:11.505+05:30  INFO 16428 --- [invoice-application] [    Test worker] c.t.i.InvoiceApplicationTests            : Started InvoiceApplicationTests in 4.474 seconds (process running for 5.561)
]]></system-out>
  <system-err><![CDATA[WARNING: A Java agent has been loaded dynamically (C:\Users\narasimhak\.gradle\caches\modules-2\files-2.1\net.bytebuddy\byte-buddy-agent\1.14.19\154da3a65b4f4a909d3e5bdec55d1b2b4cbb6ce1\byte-buddy-agent-1.14.19.jar)
WARNING: If a serviceability tool is in use, please run with -XX:+EnableDynamicAgentLoading to hide this warning
WARNING: If a serviceability tool is not in use, please run with -Djdk.instrument.traceUsage for more information
WARNING: Dynamic loading of agents will be disallowed by default in a future release
]]></system-err>
</testsuite>
